Gtk_DecayGreen|/usr/share/themes
Gtk_DecayGreen|$HOME/.themes
Gtk_TokyoNight|/usr/share/themes
Gtk_TokyoNight|$HOME/.themes
Icon_TelaBlack|/usr/share/icons
Icon_TelaBlack|$HOME/.icons
Icon_TelaDracula|/usr/share/icons
Icon_TelaDracula|$HOME/.icons
Icon_TelaGreen|/usr/share/icons
Icon_TelaGreen|$HOME/.icons
Icon_TelaGrey|/usr/share/icons
Icon_TelaGrey|$HOME/.icons
Icon_TelaPink|/usr/share/icons
Icon_TelaPink|$HOME/.icons
Icon_TelaPurple|/usr/share/icons
Icon_TelaPurple|$HOME/.icons
Icon_TelaYellow|/usr/share/icons
Icon_TelaYellow|$HOME/.icons
Icon_TelaBlue|/usr/share/icons
Icon_TelaBlue|$HOME/.icons